<?xml version="1.0" encoding="UTF-8"?>
<!-- Generated by org.testng.reporters.JUnitXMLReporter -->
<testsuite hostname="LAPTOP-E9DST324" name="Default test" tests="6" failures="0" timestamp="14 Jan 2022 08:25:19 GMT" time="0.051" errors="0">
  <testcase name="test2" time="0.011" classname="org.adactin.testng.test.A"/>
  <testcase name="test2" time="0.001" classname="org.adactin.testng.test.A"/>
  <testcase name="test2" time="0.001" classname="org.adactin.testng.test.A"/>
  <testcase name="test1" time="0.002" classname="org.adactin.testng.test.A"/>
  <testcase name="test4" time="0.0" classname="org.adactin.testng.test.A"/>
  <testcase name="test5" time="0.001" classname="org.adactin.testng.test.A"/>
</testsuite> <!-- Default test -->
