<?xml version="1.0" encoding="UTF-8"?>
<!-- Generated by org.testng.reporters.JUnitXMLReporter -->
<testsuite hostname="LAPTOP-E9DST324" name="Test1" tests="4" failures="0" timestamp="6 Dec 2021 17:57:53 GMT" time="11.23" errors="0">
  <testcase name="test1" time="0.016" classname="org.adactin.paramaters.A"/>
  <testcase name="test2" time="0.002" classname="org.adactin.paramaters.A"/>
  <testcase name="test" time="5.931" classname="org.adactin.paramaters.AdactinHotel"/>
  <testcase name="test1" time="0.001" classname="org.adactin.paramaters.B"/>
</testsuite> <!-- Test1 -->
