<?xml version="1.0" encoding="UTF-8"?>
<!-- Generated by org.testng.reporters.JUnitXMLReporter -->
<testsuite hostname="LAPTOP-E9DST324" name="Test2" tests="4" failures="0" timestamp="6 Dec 2021 17:58:08 GMT" time="15.059" errors="0">
  <testcase name="test1" time="0.001" classname="org.adactin.paramaters.A"/>
  <testcase name="test2" time="0.002" classname="org.adactin.paramaters.A"/>
  <testcase name="test" time="9.395" classname="org.adactin.paramaters.AdactinHotel"/>
  <testcase name="test1" time="0.008" classname="org.adactin.paramaters.B"/>
</testsuite> <!-- Test2 -->
