<?xml version="1.0" encoding="UTF-8"?>
<testng-results skipped="0" failed="0" total="2" passed="2">
  <reporter-output>
  </reporter-output>
  <suite name="Suite" duration-ms="45" started-at="2022-01-14T08:48:29Z" finished-at="2022-01-14T08:48:29Z">
    <groups>
      <group name="smoke">
        <method signature="A.test1()[pri:0, instance:org.adactin.testng.test.A@5c3bd550]" name="test1" class="org.adactin.testng.test.A"/>
        <method signature="A.test5(java.lang.String, java.lang.String)[pri:0, instance:org.adactin.testng.test.A@5c3bd550]" name="test5" class="org.adactin.testng.test.A"/>
      </group> <!-- smoke -->
    </groups>
    <test name="Test" duration-ms="45" started-at="2022-01-14T08:48:29Z" finished-at="2022-01-14T08:48:29Z">
      <class name="org.adactin.testng.test.A">
        <test-method status="PASS" signature="test1()[pri:0, instance:org.adactin.testng.test.A@5c3bd550]" name="test1" duration-ms="11" started-at="2022-01-14T14:18:29Z" finished-at="2022-01-14T14:18:29Z">
          <reporter-output>
          </reporter-output>
        </test-method> <!-- test1 -->
        <test-method status="PASS" signature="test5(java.lang.String, java.lang.String)[pri:0, instance:org.adactin.testng.test.A@5c3bd550]" name="test5" duration-ms="1" started-at="2022-01-14T14:18:29Z" data-provider="login" finished-at="2022-01-14T14:18:29Z">
          <params>
            <param index="0">
              <value>
                <![CDATA[niranjan]]>
              </value>
            </param>
            <param index="1">
              <value>
                <![CDATA[kumar]]>
              </value>
            </param>
          </params>
          <reporter-output>
          </reporter-output>
        </test-method> <!-- test5 -->
      </class> <!-- org.adactin.testng.test.A -->
    </test> <!-- Test -->
  </suite> <!-- Suite -->
</testng-results>
